<?xml version="1.0" encoding="UTF-8"?>
<!-- Generated by org.testng.reporters.JUnitXMLReporter -->
<testsuite ignored="0" hostname="DESKTOP-9MOD7AR" failures="0" tests="3" name="Default test" time="4.065" errors="0" timestamp="15 Oct 2024 11:35:39 GMT">
  <testcase classname="Tests.SwitchWindow_Test" name="verifyTitle" time="0.301"/>
  <testcase classname="Tests.SwitchWindow_Test" name="verifyWindowHandling" time="0.381"/>
  <testcase classname="Tests.SwitchWindow_Test" name="verifyAlertText" time="0.091"/>
</testsuite> <!-- Default test -->
