<?xml version="1.0" encoding="UTF-8"?>
<!-- Generated by org.testng.reporters.JUnitXMLReporter -->
<testsuite ignored="0" hostname="DESKTOP-9MOD7AR" failures="1" tests="3" name="Test3" time="8.353" errors="0" timestamp="14 Nov 2024 09:05:00 GMT">
  <testcase classname="Tests.Checkbox_Test" name="verifyTitle" time="1.262"/>
  <testcase classname="Tests.Checkbox_Test" name="verifySelectionOfAllCheckboxes" time="0.37"/>
  <testcase classname="Tests.Checkbox_Test" name="verifySelectionOfAlternateCheckboxes" time="0.216">
    <failure type="java.lang.AssertionError" message="arrays differ firstly at element [0]; expected value is &amp;lt;true&amp;gt; but was &amp;lt;false&amp;gt;. ">
      <![CDATA[java.lang.AssertionError: arrays differ firstly at element [0]; expected value is <true> but was <false>. 
at Tests.Checkbox_Test.verifySelectionOfAlternateCheckboxes(Checkbox_Test.java:37)
at java.base/java.util.concurrent.FutureTask.run(FutureTask.java:317)
at java.base/java.util.concurrent.ThreadPoolExecutor.runWorker(ThreadPoolExecutor.java:1144)
at java.base/java.util.concurrent.ThreadPoolExecutor$Worker.run(ThreadPoolExecutor.java:642)
at java.base/java.lang.Thread.run(Thread.java:1583)
... Removed 17 stack frames]]>
    </failure>
  </testcase> <!-- verifySelectionOfAlternateCheckboxes -->
</testsuite> <!-- Test3 -->
