<?xml version="1.0" encoding="UTF-8"?>
<!-- Generated by org.testng.reporters.JUnitXMLReporter -->
<testsuite ignored="0" hostname="DESKTOP-9MOD7AR" failures="0" tests="3" name="Test6" time="7.682" errors="0" timestamp="14 Nov 2024 09:05:14 GMT">
  <testcase classname="Tests.SwitchWindow_Test" name="verifyTitle" time="1.021"/>
  <testcase classname="Tests.SwitchWindow_Test" name="verifyWindowHandling" time="0.567"/>
  <testcase classname="Tests.SwitchWindow_Test" name="verifyAlertText" time="0.135"/>
</testsuite> <!-- Test6 -->
