<?xml version="1.0" encoding="UTF-8"?>
<!-- Generated by org.testng.reporters.JUnitXMLReporter -->
<testsuite ignored="0" hostname="DESKTOP-9MOD7AR" failures="0" tests="3" name="Test4" time="8.017" errors="0" timestamp="14 Nov 2024 09:05:08 GMT">
  <testcase classname="Tests.Dropdown_Test" name="verifyTitle" time="0.95"/>
  <testcase classname="Tests.Dropdown_Test" name="verifyDropdownOptionsSize" time="0.116"/>
  <testcase classname="Tests.Dropdown_Test" name="verifyOptionIsSelected" time="0.5"/>
</testsuite> <!-- Test4 -->
