<?xml version="1.0" encoding="UTF-8"?>
<!-- Generated by org.testng.reporters.JUnitXMLReporter -->
<testsuite ignored="0" hostname="DESKTOP-9MOD7AR" failures="0" tests="3" name="Test5" time="6.438" errors="0" timestamp="14 Nov 2024 09:05:07 GMT">
  <testcase classname="Tests.FileUpload_Test" name="verifyTitle" time="0.455"/>
  <testcase classname="Tests.FileUpload_Test" name="verifyFileUpload" time="0.528"/>
  <testcase classname="Tests.FileUpload_Test" name="verifyResetBtn" time="0.113"/>
</testsuite> <!-- Test5 -->
