<?xml version="1.0" encoding="UTF-8"?>
<!-- Generated by org.testng.reporters.JUnitXMLReporter -->
<testsuite ignored="0" hostname="DESKTOP-9MOD7AR" failures="0" tests="3" name="Test" time="11.8" errors="0" timestamp="13 Oct 2024 13:06:07 GMT">
  <testcase classname="Tests.HomePage_Test" name="verifyTitle" time="0.028"/>
  <testcase classname="Tests.WebForm_Test" name="verifyTitle" time="0.329"/>
  <testcase classname="Tests.Checkbox_Test" name="verifyTitle" time="0.337"/>
</testsuite> <!-- Test -->
